Building DAG of jobs...
Using shell: /usr/bin/bash
Provided cores: 1 (use --cores to define parallelism)
Rules claiming more threads will be scaled down.
Job stats:
job                     count    min threads    max threads
--------------------  -------  -------------  -------------
align_template_rigid       40              1              1
all                         1              1              1
fids2mni                   40              1              1
freesurfer2bids            40              1              1
freesurfer_preproc         40              1              1
skull_strip                40              1              1
total                     201              1              1

Resources before job selection: {'_cores': 1, '_nodes': 9223372036854775807}
Ready jobs (40)
Select jobs to execute...
Selected jobs (1)
Resources after job selection: {'_cores': 0, '_nodes': 9223372036854775806}

[Wed Jun 28 09:16:31 2023]
rule skull_strip:
    input: /home/ROBARTS/ataha/graham/scratch/afids-data/data/datasets/LHSCPD/sub-120/anat/sub-120_run-01_T1w.nii.gz
    output: /home/ROBARTS/ataha/graham/scratch/afids-data/data/datasets/LHSCPD/derivatives/synthstrip/sub-120/anat/sub-120_desc-synthstrip_T1w.nii.gz, /home/ROBARTS/ataha/graham/scratch/afids-data/data/datasets/LHSCPD/derivatives/synthstrip/sub-120/anat/sub-120_desc-synthstrip_briamask.nii.gz
    jobid: 49
    reason: Missing output files: /home/ROBARTS/ataha/graham/scratch/afids-data/data/datasets/LHSCPD/derivatives/synthstrip/sub-120/anat/sub-120_desc-synthstrip_T1w.nii.gz
    wildcards: subject=120
    resources: tmpdir=/tmp

python3 /freesurfer/mri_synthstrip -i /home/ROBARTS/ataha/graham/scratch/afids-data/data/datasets/LHSCPD/sub-120/anat/sub-120_run-01_T1w.nii.gz -o /home/ROBARTS/ataha/graham/scratch/afids-data/data/datasets/LHSCPD/derivatives/synthstrip/sub-120/anat/sub-120_desc-synthstrip_T1w.nii.gz -m /home/ROBARTS/ataha/graham/scratch/afids-data/data/datasets/LHSCPD/derivatives/synthstrip/sub-120/anat/sub-120_desc-synthstrip_briamask.nii.gz
 singularity  exec --home '/home/ROBARTS/ataha/graham/scratch/autoafids_prep/autoafids_prep'  /home/ROBARTS/ataha/graham/scratch/synthstrip.1.3.sif bash -c 'set -euo pipefail;  python3 /freesurfer/mri_synthstrip -i /home/ROBARTS/ataha/graham/scratch/afids-data/data/datasets/LHSCPD/sub-120/anat/sub-120_run-01_T1w.nii.gz -o /home/ROBARTS/ataha/graham/scratch/afids-data/data/datasets/LHSCPD/derivatives/synthstrip/sub-120/anat/sub-120_desc-synthstrip_T1w.nii.gz -m /home/ROBARTS/ataha/graham/scratch/afids-data/data/datasets/LHSCPD/derivatives/synthstrip/sub-120/anat/sub-120_desc-synthstrip_briamask.nii.gz'
Activating singularity image /home/ROBARTS/ataha/graham/scratch/synthstrip.1.3.sif
Full Traceback (most recent call last):
  File "/local/scratch/.venv/lib/python3.8/site-packages/snakemake/executors/__init__.py", line 2561, in run_wrapper
    run(
  File "/home/ROBARTS/ataha/graham/scratch/autoafids_prep/autoafids_prep/workflow/Snakefile", line 61, in __rule_skull_strip
    rule freesurfer_preproc:
  File "/local/scratch/.venv/lib/python3.8/site-packages/snakemake/shell.py", line 294, in __new__
    raise sp.CalledProcessError(retcode, cmd)
subprocess.CalledProcessError: Command ' singularity  exec --home '/home/ROBARTS/ataha/graham/scratch/autoafids_prep/autoafids_prep'  /home/ROBARTS/ataha/graham/scratch/synthstrip.1.3.sif bash -c 'set -euo pipefail;  python3 /freesurfer/mri_synthstrip -i /home/ROBARTS/ataha/graham/scratch/afids-data/data/datasets/LHSCPD/sub-120/anat/sub-120_run-01_T1w.nii.gz -o /home/ROBARTS/ataha/graham/scratch/afids-data/data/datasets/LHSCPD/derivatives/synthstrip/sub-120/anat/sub-120_desc-synthstrip_T1w.nii.gz -m /home/ROBARTS/ataha/graham/scratch/afids-data/data/datasets/LHSCPD/derivatives/synthstrip/sub-120/anat/sub-120_desc-synthstrip_briamask.nii.gz'' returned non-zero exit status 1.

[Wed Jun 28 09:16:37 2023]
Error in rule skull_strip:
    jobid: 49
    input: /home/ROBARTS/ataha/graham/scratch/afids-data/data/datasets/LHSCPD/sub-120/anat/sub-120_run-01_T1w.nii.gz
    output: /home/ROBARTS/ataha/graham/scratch/afids-data/data/datasets/LHSCPD/derivatives/synthstrip/sub-120/anat/sub-120_desc-synthstrip_T1w.nii.gz, /home/ROBARTS/ataha/graham/scratch/afids-data/data/datasets/LHSCPD/derivatives/synthstrip/sub-120/anat/sub-120_desc-synthstrip_briamask.nii.gz
    shell:
        python3 /freesurfer/mri_synthstrip -i /home/ROBARTS/ataha/graham/scratch/afids-data/data/datasets/LHSCPD/sub-120/anat/sub-120_run-01_T1w.nii.gz -o /home/ROBARTS/ataha/graham/scratch/afids-data/data/datasets/LHSCPD/derivatives/synthstrip/sub-120/anat/sub-120_desc-synthstrip_T1w.nii.gz -m /home/ROBARTS/ataha/graham/scratch/afids-data/data/datasets/LHSCPD/derivatives/synthstrip/sub-120/anat/sub-120_desc-synthstrip_briamask.nii.gz
        (one of the commands exited with non-zero exit code; note that snakemake uses bash strict mode!)

Full Traceback (most recent call last):
  File "/local/scratch/.venv/lib/python3.8/site-packages/snakemake/executors/__init__.py", line 2561, in run_wrapper
    run(
  File "/home/ROBARTS/ataha/graham/scratch/autoafids_prep/autoafids_prep/workflow/Snakefile", line 61, in __rule_skull_strip
    rule freesurfer_preproc:
  File "/local/scratch/.venv/lib/python3.8/site-packages/snakemake/shell.py", line 294, in __new__
    raise sp.CalledProcessError(retcode, cmd)
subprocess.CalledProcessError: Command ' singularity  exec --home '/home/ROBARTS/ataha/graham/scratch/autoafids_prep/autoafids_prep'  /home/ROBARTS/ataha/graham/scratch/synthstrip.1.3.sif bash -c 'set -euo pipefail;  python3 /freesurfer/mri_synthstrip -i /home/ROBARTS/ataha/graham/scratch/afids-data/data/datasets/LHSCPD/sub-120/anat/sub-120_run-01_T1w.nii.gz -o /home/ROBARTS/ataha/graham/scratch/afids-data/data/datasets/LHSCPD/derivatives/synthstrip/sub-120/anat/sub-120_desc-synthstrip_T1w.nii.gz -m /home/ROBARTS/ataha/graham/scratch/afids-data/data/datasets/LHSCPD/derivatives/synthstrip/sub-120/anat/sub-120_desc-synthstrip_briamask.nii.gz'' returned non-zero exit status 1.

During handling of the above exception, another exception occurred:

Traceback (most recent call last):
  File "/local/scratch/.venv/lib/python3.8/site-packages/snakemake/executors/__init__.py", line 656, in _callback
    raise ex
  File "/usr/lib/python3.8/concurrent/futures/thread.py", line 57, in run
    result = self.fn(*self.args, **self.kwargs)
  File "/local/scratch/.venv/lib/python3.8/site-packages/snakemake/executors/__init__.py", line 642, in cached_or_run
    run_func(*args)
  File "/local/scratch/.venv/lib/python3.8/site-packages/snakemake/executors/__init__.py", line 2597, in run_wrapper
    raise RuleException(
snakemake.exceptions.RuleException: CalledProcessError in file /home/ROBARTS/ataha/graham/scratch/autoafids_prep/autoafids_prep/workflow/Snakefile, line 31:
Command ' singularity  exec --home '/home/ROBARTS/ataha/graham/scratch/autoafids_prep/autoafids_prep'  /home/ROBARTS/ataha/graham/scratch/synthstrip.1.3.sif bash -c 'set -euo pipefail;  python3 /freesurfer/mri_synthstrip -i /home/ROBARTS/ataha/graham/scratch/afids-data/data/datasets/LHSCPD/sub-120/anat/sub-120_run-01_T1w.nii.gz -o /home/ROBARTS/ataha/graham/scratch/afids-data/data/datasets/LHSCPD/derivatives/synthstrip/sub-120/anat/sub-120_desc-synthstrip_T1w.nii.gz -m /home/ROBARTS/ataha/graham/scratch/afids-data/data/datasets/LHSCPD/derivatives/synthstrip/sub-120/anat/sub-120_desc-synthstrip_briamask.nii.gz'' returned non-zero exit status 1.
  File "/home/ROBARTS/ataha/graham/scratch/autoafids_prep/autoafids_prep/workflow/Snakefile", line 31, in __rule_skull_strip

RuleException:
CalledProcessError in file /home/ROBARTS/ataha/graham/scratch/autoafids_prep/autoafids_prep/workflow/Snakefile, line 31:
Command ' singularity  exec --home '/home/ROBARTS/ataha/graham/scratch/autoafids_prep/autoafids_prep'  /home/ROBARTS/ataha/graham/scratch/synthstrip.1.3.sif bash -c 'set -euo pipefail;  python3 /freesurfer/mri_synthstrip -i /home/ROBARTS/ataha/graham/scratch/afids-data/data/datasets/LHSCPD/sub-120/anat/sub-120_run-01_T1w.nii.gz -o /home/ROBARTS/ataha/graham/scratch/afids-data/data/datasets/LHSCPD/derivatives/synthstrip/sub-120/anat/sub-120_desc-synthstrip_T1w.nii.gz -m /home/ROBARTS/ataha/graham/scratch/afids-data/data/datasets/LHSCPD/derivatives/synthstrip/sub-120/anat/sub-120_desc-synthstrip_briamask.nii.gz'' returned non-zero exit status 1.
  File "/home/ROBARTS/ataha/graham/scratch/autoafids_prep/autoafids_prep/workflow/Snakefile", line 31, in __rule_skull_strip
  File "/usr/lib/python3.8/concurrent/futures/thread.py", line 57, in run
Shutting down, this might take some time.
Exiting because a job execution failed. Look above for error message
Complete log: .snakemake/log/2023-06-28T091623.538107.snakemake.log
unlocking
removing lock
removing lock
removed all locks
